2019.03.21. 19:20:01
Posloupnost neobsahuje žádné prvky.
   v System.Linq.Enumerable.First[TSource](IEnumerable`1 source)
   v ATEM_presentation.ViewModel.MediaPlayerViewModel.OpenWindow()
   v ATEM_presentation.ViewModel.SwitchingViewModel.PlayVideoTitle(Boolean loop)

2019.03.21. 19:20:49
Posloupnost neobsahuje žádné prvky.
   v System.Linq.Enumerable.First[TSource](IEnumerable`1 source)
   v ATEM_presentation.ViewModel.MediaPlayerViewModel.OpenWindow()
   v ATEM_presentation.ViewModel.SwitchingViewModel.PlayVideoTitle(Boolean loop)

2019.03.21. 19:30:37
Posloupnost neobsahuje žádné prvky.
   v System.Linq.Enumerable.First[TSource](IEnumerable`1 source)
   v ATEM_presentation.ViewModel.MediaPlayerViewModel.OpenWindow()
   v ATEM_presentation.ViewModel.SwitchingViewModel.PlayVideoTitle(Boolean loop)

2019.03.21. 19:31:28
Posloupnost neobsahuje žádné prvky.
   v System.Linq.Enumerable.First[TSource](IEnumerable`1 source)
   v ATEM_presentation.ViewModel.MediaPlayerViewModel.OpenWindow()
   v ATEM_presentation.ViewModel.SwitchingViewModel.PlayVideoTitle(Boolean loop)

2019.03.21. 19:32:30
Posloupnost neobsahuje žádné prvky.
   v System.Linq.Enumerable.First[TSource](IEnumerable`1 source)
   v ATEM_presentation.ViewModel.MediaPlayerViewModel.OpenWindow()
   v ATEM_presentation.ViewModel.SwitchingViewModel.PlayVideoTitle(Boolean loop)

2019.03.21. 19:32:48
Posloupnost neobsahuje žádné prvky.
   v System.Linq.Enumerable.First[TSource](IEnumerable`1 source)
   v ATEM_presentation.ViewModel.MediaPlayerViewModel.OpenWindow()
   v ATEM_presentation.ViewModel.SwitchingViewModel.PlayVideoTitle(Boolean loop)

2020.07.24. 11:56:05
Index je mimo rozsah. Index musí být nezáporný a musí být menší než velikost kolekce.
Název parametru: index
   v System.ThrowHelper.ThrowArgumentOutOfRangeException(ExceptionArgument argument, ExceptionResource resource)
   v CallSite.Target(Closure , CallSite , Object , Int32 )
   v System.Dynamic.UpdateDelegates.UpdateAndExecute2[T0,T1,TRet](CallSite site, T0 arg0, T1 arg1)
   v ATEM_presentation.ViewModel.SwitchingViewModel..ctor(PresentModel atem, Object currentValues)
   v CallSite.Target(Closure , CallSite , Type , PresentModel , Object )
   v System.Dynamic.UpdateDelegates.UpdateAndExecute3[T0,T1,T2,TRet](CallSite site, T0 arg0, T1 arg1, T2 arg2)
   v ATEM_presentation.ViewModel.HomeViewModel.<Connect>d__29.MoveNext()
--- Konec trasování zásobníku z předchozího místa, ze kterého byla vyvolána výjimka ---
   v System.Runtime.CompilerServices.AsyncMethodBuilderCore.<>c.<ThrowAsync>b__6_0(Object state)
   v System.Windows.Threading.ExceptionWrapper.InternalRealCall(Delegate callback, Object args, Int32 numArgs)
   v System.Windows.Threading.ExceptionWrapper.TryCatchWhen(Object source, Delegate callback, Object args, Int32 numArgs, Delegate catchHandler)

2020.07.24. 11:56:58
Index je mimo rozsah. Index musí být nezáporný a musí být menší než velikost kolekce.
Název parametru: index
   v System.ThrowHelper.ThrowArgumentOutOfRangeException(ExceptionArgument argument, ExceptionResource resource)
   v CallSite.Target(Closure , CallSite , Object , Int32 )
   v System.Dynamic.UpdateDelegates.UpdateAndExecute2[T0,T1,TRet](CallSite site, T0 arg0, T1 arg1)
   v ATEM_presentation.ViewModel.SwitchingViewModel..ctor(PresentModel atem, Object currentValues)
   v CallSite.Target(Closure , CallSite , Type , PresentModel , Object )
   v System.Dynamic.UpdateDelegates.UpdateAndExecute3[T0,T1,T2,TRet](CallSite site, T0 arg0, T1 arg1, T2 arg2)
   v ATEM_presentation.ViewModel.HomeViewModel.<Connect>d__29.MoveNext()
--- Konec trasování zásobníku z předchozího místa, ze kterého byla vyvolána výjimka ---
   v System.Runtime.CompilerServices.AsyncMethodBuilderCore.<>c.<ThrowAsync>b__6_0(Object state)
   v System.Windows.Threading.ExceptionWrapper.InternalRealCall(Delegate callback, Object args, Int32 numArgs)
   v System.Windows.Threading.ExceptionWrapper.TryCatchWhen(Object source, Delegate callback, Object args, Int32 numArgs, Delegate catchHandler)

2021.03.14. 08:45:34
Index je mimo rozsah. Index musí být nezáporný a musí být menší než velikost kolekce.
Název parametru: index
   v System.ThrowHelper.ThrowArgumentOutOfRangeException(ExceptionArgument argument, ExceptionResource resource)
   v CallSite.Target(Closure , CallSite , Object , Int32 )
   v System.Dynamic.UpdateDelegates.UpdateAndExecute2[T0,T1,TRet](CallSite site, T0 arg0, T1 arg1)
   v ATEM_presentation.ViewModel.SwitchingViewModel..ctor(PresentModel atem, Object currentValues)
   v CallSite.Target(Closure , CallSite , Type , PresentModel , Object )
   v System.Dynamic.UpdateDelegates.UpdateAndExecute3[T0,T1,T2,TRet](CallSite site, T0 arg0, T1 arg1, T2 arg2)
   v ATEM_presentation.ViewModel.HomeViewModel.<Connect>d__29.MoveNext()
--- Konec trasování zásobníku z předchozího místa, ze kterého byla vyvolána výjimka ---
   v System.Runtime.CompilerServices.AsyncMethodBuilderCore.<>c.<ThrowAsync>b__6_0(Object state)
   v System.Windows.Threading.ExceptionWrapper.InternalRealCall(Delegate callback, Object args, Int32 numArgs)
   v System.Windows.Threading.ExceptionWrapper.TryCatchWhen(Object source, Delegate callback, Object args, Int32 numArgs, Delegate catchHandler)

2021.03.14. 08:47:23
Index je mimo rozsah. Index musí být nezáporný a musí být menší než velikost kolekce.
Název parametru: index
   v System.ThrowHelper.ThrowArgumentOutOfRangeException(ExceptionArgument argument, ExceptionResource resource)
   v CallSite.Target(Closure , CallSite , Object , Int32 )
   v System.Dynamic.UpdateDelegates.UpdateAndExecute2[T0,T1,TRet](CallSite site, T0 arg0, T1 arg1)
   v ATEM_presentation.ViewModel.SwitchingViewModel..ctor(PresentModel atem, Object currentValues)
   v CallSite.Target(Closure , CallSite , Type , PresentModel , Object )
   v System.Dynamic.UpdateDelegates.UpdateAndExecute3[T0,T1,T2,TRet](CallSite site, T0 arg0, T1 arg1, T2 arg2)
   v ATEM_presentation.ViewModel.HomeViewModel.<Connect>d__29.MoveNext()
--- Konec trasování zásobníku z předchozího místa, ze kterého byla vyvolána výjimka ---
   v System.Runtime.CompilerServices.AsyncMethodBuilderCore.<>c.<ThrowAsync>b__6_0(Object state)
   v System.Windows.Threading.ExceptionWrapper.InternalRealCall(Delegate callback, Object args, Int32 numArgs)
   v System.Windows.Threading.ExceptionWrapper.TryCatchWhen(Object source, Delegate callback, Object args, Int32 numArgs, Delegate catchHandler)

2021.07.19. 19:55:26
Přístup k cestě C:\WINDOWS\system32\cache.dat byl odepřen.
   v System.IO.__Error.WinIOError(Int32 errorCode, String maybeFullPath)
   v System.IO.FileStream.Init(String path, FileMode mode, FileAccess access, Int32 rights, Boolean useRights, FileShare share, Int32 bufferSize, FileOptions options, SECURITY_ATTRIBUTES secAttrs, String msgPath, Boolean bFromProxy, Boolean useLongPath, Boolean checkHost)
   v System.IO.FileStream..ctor(String path, FileMode mode, FileAccess access, FileShare share)
   v System.Xml.XmlDocument.Save(String filename)
   v ATEM_presentation.Model.ConfigStore.SaveCacheValues()
   v ATEM_presentation.App.OnExit(ExitEventArgs e)
   v System.Windows.Application.DoShutdown()
   v System.Windows.Application.ShutdownImpl()
   v System.Windows.Application.ShutdownCallback(Object arg)
   v System.Windows.Threading.ExceptionWrapper.InternalRealCall(Delegate callback, Object args, Int32 numArgs)
   v System.Windows.Threading.ExceptionWrapper.TryCatchWhen(Object source, Delegate callback, Object args, Int32 numArgs, Delegate catchHandler)

2021.07.19. 19:55:28
Odkaz na objekt není nastaven na instanci objektu.
   v ATEM_presentation.App.App_DispatcherUnhandledException(Object sender, DispatcherUnhandledExceptionEventArgs e)
   v System.Windows.Threading.Dispatcher.CatchException(Exception e)
   v System.Windows.Threading.Dispatcher.CatchExceptionStatic(Object source, Exception e)
   v System.Windows.Threading.ExceptionWrapper.CatchException(Object source, Exception e, Delegate catchHandler)
   v System.Windows.Threading.ExceptionWrapper.TryCatchWhen(Object source, Delegate callback, Object args, Int32 numArgs, Delegate catchHandler)
   v System.Windows.Threading.DispatcherOperation.InvokeImpl()
   v System.Windows.Threading.DispatcherOperation.InvokeInSecurityContext(Object state)
   v System.Threading.ExecutionContext.RunInternal(ExecutionContext executionContext, ContextCallback callback, Object state, Boolean preserveSyncCtx)
   v System.Threading.ExecutionContext.Run(ExecutionContext executionContext, ContextCallback callback, Object state, Boolean preserveSyncCtx)
   v System.Threading.ExecutionContext.Run(ExecutionContext executionContext, ContextCallback callback, Object state)
   v MS.Internal.CulturePreservingExecutionContext.Run(CulturePreservingExecutionContext executionContext, ContextCallback callback, Object state)
   v System.Windows.Threading.DispatcherOperation.Invoke()
   v System.Windows.Threading.Dispatcher.ProcessQueue()
   v System.Windows.Threading.Dispatcher.WndProcHook(IntPtr hwnd, Int32 msg, IntPtr wParam, IntPtr lParam, Boolean& handled)
   v MS.Win32.HwndWrapper.WndProc(IntPtr hwnd, Int32 msg, IntPtr wParam, IntPtr lParam, Boolean& handled)
   v MS.Win32.HwndSubclass.DispatcherCallbackOperation(Object o)
   v System.Windows.Threading.ExceptionWrapper.InternalRealCall(Delegate callback, Object args, Int32 numArgs)
   v System.Windows.Threading.ExceptionWrapper.TryCatchWhen(Object source, Delegate callback, Object args, Int32 numArgs, Delegate catchHandler)

2021.07.19. 19:57:08
Přístup k cestě C:\WINDOWS\system32\cache.dat byl odepřen.
   v System.IO.__Error.WinIOError(Int32 errorCode, String maybeFullPath)
   v System.IO.FileStream.Init(String path, FileMode mode, FileAccess access, Int32 rights, Boolean useRights, FileShare share, Int32 bufferSize, FileOptions options, SECURITY_ATTRIBUTES secAttrs, String msgPath, Boolean bFromProxy, Boolean useLongPath, Boolean checkHost)
   v System.IO.FileStream..ctor(String path, FileMode mode, FileAccess access, FileShare share)
   v System.Xml.XmlDocument.Save(String filename)
   v ATEM_presentation.Model.ConfigStore.SaveCacheValues()
   v ATEM_presentation.App.OnExit(ExitEventArgs e)
   v System.Windows.Application.DoShutdown()
   v System.Windows.Application.ShutdownImpl()
   v System.Windows.Application.ShutdownCallback(Object arg)
   v System.Windows.Threading.ExceptionWrapper.InternalRealCall(Delegate callback, Object args, Int32 numArgs)
   v System.Windows.Threading.ExceptionWrapper.TryCatchWhen(Object source, Delegate callback, Object args, Int32 numArgs, Delegate catchHandler)

2021.07.19. 19:57:09
Odkaz na objekt není nastaven na instanci objektu.
   v ATEM_presentation.App.App_DispatcherUnhandledException(Object sender, DispatcherUnhandledExceptionEventArgs e)
   v System.Windows.Threading.Dispatcher.CatchException(Exception e)
   v System.Windows.Threading.Dispatcher.CatchExceptionStatic(Object source, Exception e)
   v System.Windows.Threading.ExceptionWrapper.CatchException(Object source, Exception e, Delegate catchHandler)
   v System.Windows.Threading.ExceptionWrapper.TryCatchWhen(Object source, Delegate callback, Object args, Int32 numArgs, Delegate catchHandler)
   v System.Windows.Threading.DispatcherOperation.InvokeImpl()
   v System.Windows.Threading.DispatcherOperation.InvokeInSecurityContext(Object state)
   v System.Threading.ExecutionContext.RunInternal(ExecutionContext executionContext, ContextCallback callback, Object state, Boolean preserveSyncCtx)
   v System.Threading.ExecutionContext.Run(ExecutionContext executionContext, ContextCallback callback, Object state, Boolean preserveSyncCtx)
   v System.Threading.ExecutionContext.Run(ExecutionContext executionContext, ContextCallback callback, Object state)
   v MS.Internal.CulturePreservingExecutionContext.Run(CulturePreservingExecutionContext executionContext, ContextCallback callback, Object state)
   v System.Windows.Threading.DispatcherOperation.Invoke()
   v System.Windows.Threading.Dispatcher.ProcessQueue()
   v System.Windows.Threading.Dispatcher.WndProcHook(IntPtr hwnd, Int32 msg, IntPtr wParam, IntPtr lParam, Boolean& handled)
   v MS.Win32.HwndWrapper.WndProc(IntPtr hwnd, Int32 msg, IntPtr wParam, IntPtr lParam, Boolean& handled)
   v MS.Win32.HwndSubclass.DispatcherCallbackOperation(Object o)
   v System.Windows.Threading.ExceptionWrapper.InternalRealCall(Delegate callback, Object args, Int32 numArgs)
   v System.Windows.Threading.ExceptionWrapper.TryCatchWhen(Object source, Delegate callback, Object args, Int32 numArgs, Delegate catchHandler)

2021.07.19. 19:57:33
Přístup k cestě C:\WINDOWS\system32\cache.dat byl odepřen.
   v System.IO.__Error.WinIOError(Int32 errorCode, String maybeFullPath)
   v System.IO.FileStream.Init(String path, FileMode mode, FileAccess access, Int32 rights, Boolean useRights, FileShare share, Int32 bufferSize, FileOptions options, SECURITY_ATTRIBUTES secAttrs, String msgPath, Boolean bFromProxy, Boolean useLongPath, Boolean checkHost)
   v System.IO.FileStream..ctor(String path, FileMode mode, FileAccess access, FileShare share)
   v System.Xml.XmlDocument.Save(String filename)
   v ATEM_presentation.Model.ConfigStore.SaveCacheValues()
   v ATEM_presentation.App.OnExit(ExitEventArgs e)
   v System.Windows.Application.DoShutdown()
   v System.Windows.Application.ShutdownImpl()
   v System.Windows.Application.ShutdownCallback(Object arg)
   v System.Windows.Threading.ExceptionWrapper.InternalRealCall(Delegate callback, Object args, Int32 numArgs)
   v System.Windows.Threading.ExceptionWrapper.TryCatchWhen(Object source, Delegate callback, Object args, Int32 numArgs, Delegate catchHandler)

2021.07.19. 19:57:36
Odkaz na objekt není nastaven na instanci objektu.
   v ATEM_presentation.App.App_DispatcherUnhandledException(Object sender, DispatcherUnhandledExceptionEventArgs e)
   v System.Windows.Threading.Dispatcher.CatchException(Exception e)
   v System.Windows.Threading.Dispatcher.CatchExceptionStatic(Object source, Exception e)
   v System.Windows.Threading.ExceptionWrapper.CatchException(Object source, Exception e, Delegate catchHandler)
   v System.Windows.Threading.ExceptionWrapper.TryCatchWhen(Object source, Delegate callback, Object args, Int32 numArgs, Delegate catchHandler)
   v System.Windows.Threading.DispatcherOperation.InvokeImpl()
   v System.Windows.Threading.DispatcherOperation.InvokeInSecurityContext(Object state)
   v System.Threading.ExecutionContext.RunInternal(ExecutionContext executionContext, ContextCallback callback, Object state, Boolean preserveSyncCtx)
   v System.Threading.ExecutionContext.Run(ExecutionContext executionContext, ContextCallback callback, Object state, Boolean preserveSyncCtx)
   v System.Threading.ExecutionContext.Run(ExecutionContext executionContext, ContextCallback callback, Object state)
   v MS.Internal.CulturePreservingExecutionContext.Run(CulturePreservingExecutionContext executionContext, ContextCallback callback, Object state)
   v System.Windows.Threading.DispatcherOperation.Invoke()
   v System.Windows.Threading.Dispatcher.ProcessQueue()
   v System.Windows.Threading.Dispatcher.WndProcHook(IntPtr hwnd, Int32 msg, IntPtr wParam, IntPtr lParam, Boolean& handled)
   v MS.Win32.HwndWrapper.WndProc(IntPtr hwnd, Int32 msg, IntPtr wParam, IntPtr lParam, Boolean& handled)
   v MS.Win32.HwndSubclass.DispatcherCallbackOperation(Object o)
   v System.Windows.Threading.ExceptionWrapper.InternalRealCall(Delegate callback, Object args, Int32 numArgs)
   v System.Windows.Threading.ExceptionWrapper.TryCatchWhen(Object source, Delegate callback, Object args, Int32 numArgs, Delegate catchHandler)

2021.07.20. 10:43:35
Index je mimo rozsah. Index musí být nezáporný a musí být menší než velikost kolekce.
Název parametru: index
   v System.ThrowHelper.ThrowArgumentOutOfRangeException(ExceptionArgument argument, ExceptionResource resource)
   v CallSite.Target(Closure , CallSite , Object , Int32 )
   v System.Dynamic.UpdateDelegates.UpdateAndExecute2[T0,T1,TRet](CallSite site, T0 arg0, T1 arg1)
   v ATEM_presentation.ViewModel.SwitchingViewModel..ctor(PresentModel atem, Object currentValues)
   v CallSite.Target(Closure , CallSite , Type , PresentModel , Object )
   v System.Dynamic.UpdateDelegates.UpdateAndExecute3[T0,T1,T2,TRet](CallSite site, T0 arg0, T1 arg1, T2 arg2)
   v ATEM_presentation.ViewModel.HomeViewModel.<Connect>d__29.MoveNext()
--- Konec trasování zásobníku z předchozího místa, ze kterého byla vyvolána výjimka ---
   v System.Runtime.CompilerServices.AsyncMethodBuilderCore.<>c.<ThrowAsync>b__6_0(Object state)
   v System.Windows.Threading.ExceptionWrapper.InternalRealCall(Delegate callback, Object args, Int32 numArgs)
   v System.Windows.Threading.ExceptionWrapper.TryCatchWhen(Object source, Delegate callback, Object args, Int32 numArgs, Delegate catchHandler)

2021.07.20. 10:45:43
Index je mimo rozsah. Index musí být nezáporný a musí být menší než velikost kolekce.
Název parametru: index
   v System.ThrowHelper.ThrowArgumentOutOfRangeException(ExceptionArgument argument, ExceptionResource resource)
   v CallSite.Target(Closure , CallSite , Object , Int32 )
   v System.Dynamic.UpdateDelegates.UpdateAndExecute2[T0,T1,TRet](CallSite site, T0 arg0, T1 arg1)
   v ATEM_presentation.ViewModel.SwitchingViewModel..ctor(PresentModel atem, Object currentValues)
   v CallSite.Target(Closure , CallSite , Type , PresentModel , Object )
   v System.Dynamic.UpdateDelegates.UpdateAndExecute3[T0,T1,T2,TRet](CallSite site, T0 arg0, T1 arg1, T2 arg2)
   v ATEM_presentation.ViewModel.HomeViewModel.<Connect>d__29.MoveNext()
--- Konec trasování zásobníku z předchozího místa, ze kterého byla vyvolána výjimka ---
   v System.Runtime.CompilerServices.AsyncMethodBuilderCore.<>c.<ThrowAsync>b__6_0(Object state)
   v System.Windows.Threading.ExceptionWrapper.InternalRealCall(Delegate callback, Object args, Int32 numArgs)
   v System.Windows.Threading.ExceptionWrapper.TryCatchWhen(Object source, Delegate callback, Object args, Int32 numArgs, Delegate catchHandler)

2021.07.20. 10:58:44
Index je mimo rozsah. Index musí být nezáporný a musí být menší než velikost kolekce.
Název parametru: index
   v System.ThrowHelper.ThrowArgumentOutOfRangeException(ExceptionArgument argument, ExceptionResource resource)
   v CallSite.Target(Closure , CallSite , Object , Int32 )
   v System.Dynamic.UpdateDelegates.UpdateAndExecute2[T0,T1,TRet](CallSite site, T0 arg0, T1 arg1)
   v ATEM_presentation.ViewModel.SwitchingViewModel..ctor(PresentModel atem, Object currentValues)
   v CallSite.Target(Closure , CallSite , Type , PresentModel , Object )
   v System.Dynamic.UpdateDelegates.UpdateAndExecute3[T0,T1,T2,TRet](CallSite site, T0 arg0, T1 arg1, T2 arg2)
   v ATEM_presentation.ViewModel.HomeViewModel.<Connect>d__29.MoveNext()
--- Konec trasování zásobníku z předchozího místa, ze kterého byla vyvolána výjimka ---
   v System.Runtime.CompilerServices.AsyncMethodBuilderCore.<>c.<ThrowAsync>b__6_0(Object state)
   v System.Windows.Threading.ExceptionWrapper.InternalRealCall(Delegate callback, Object args, Int32 numArgs)
   v System.Windows.Threading.ExceptionWrapper.TryCatchWhen(Object source, Delegate callback, Object args, Int32 numArgs, Delegate catchHandler)

2021.10.09. 16:09:20
Přístup k cestě C:\WINDOWS\system32\cache.dat byl odepřen.
   v System.IO.__Error.WinIOError(Int32 errorCode, String maybeFullPath)
   v System.IO.FileStream.Init(String path, FileMode mode, FileAccess access, Int32 rights, Boolean useRights, FileShare share, Int32 bufferSize, FileOptions options, SECURITY_ATTRIBUTES secAttrs, String msgPath, Boolean bFromProxy, Boolean useLongPath, Boolean checkHost)
   v System.IO.FileStream..ctor(String path, FileMode mode, FileAccess access, FileShare share)
   v System.Xml.XmlDocument.Save(String filename)
   v ATEM_presentation.Model.ConfigStore.SaveCacheValues()
   v ATEM_presentation.App.OnExit(ExitEventArgs e)
   v System.Windows.Application.DoShutdown()
   v System.Windows.Application.ShutdownImpl()
   v System.Windows.Application.ShutdownCallback(Object arg)
   v System.Windows.Threading.ExceptionWrapper.InternalRealCall(Delegate callback, Object args, Int32 numArgs)
   v System.Windows.Threading.ExceptionWrapper.TryCatchWhen(Object source, Delegate callback, Object args, Int32 numArgs, Delegate catchHandler)

2021.10.09. 16:09:24
Odkaz na objekt není nastaven na instanci objektu.
   v ATEM_presentation.App.App_DispatcherUnhandledException(Object sender, DispatcherUnhandledExceptionEventArgs e)
   v System.Windows.Threading.Dispatcher.CatchException(Exception e)
   v System.Windows.Threading.Dispatcher.CatchExceptionStatic(Object source, Exception e)
   v System.Windows.Threading.ExceptionWrapper.CatchException(Object source, Exception e, Delegate catchHandler)
   v System.Windows.Threading.ExceptionWrapper.TryCatchWhen(Object source, Delegate callback, Object args, Int32 numArgs, Delegate catchHandler)
   v System.Windows.Threading.DispatcherOperation.InvokeImpl()
   v System.Windows.Threading.DispatcherOperation.InvokeInSecurityContext(Object state)
   v System.Threading.ExecutionContext.RunInternal(ExecutionContext executionContext, ContextCallback callback, Object state, Boolean preserveSyncCtx)
   v System.Threading.ExecutionContext.Run(ExecutionContext executionContext, ContextCallback callback, Object state, Boolean preserveSyncCtx)
   v System.Threading.ExecutionContext.Run(ExecutionContext executionContext, ContextCallback callback, Object state)
   v MS.Internal.CulturePreservingExecutionContext.Run(CulturePreservingExecutionContext executionContext, ContextCallback callback, Object state)
   v System.Windows.Threading.DispatcherOperation.Invoke()
   v System.Windows.Threading.Dispatcher.ProcessQueue()
   v System.Windows.Threading.Dispatcher.WndProcHook(IntPtr hwnd, Int32 msg, IntPtr wParam, IntPtr lParam, Boolean& handled)
   v MS.Win32.HwndWrapper.WndProc(IntPtr hwnd, Int32 msg, IntPtr wParam, IntPtr lParam, Boolean& handled)
   v MS.Win32.HwndSubclass.DispatcherCallbackOperation(Object o)
   v System.Windows.Threading.ExceptionWrapper.InternalRealCall(Delegate callback, Object args, Int32 numArgs)
   v System.Windows.Threading.ExceptionWrapper.TryCatchWhen(Object source, Delegate callback, Object args, Int32 numArgs, Delegate catchHandler)

2021.10.10. 11:04:40
Přístup k cestě C:\WINDOWS\system32\cache.dat byl odepřen.
   v System.IO.__Error.WinIOError(Int32 errorCode, String maybeFullPath)
   v System.IO.FileStream.Init(String path, FileMode mode, FileAccess access, Int32 rights, Boolean useRights, FileShare share, Int32 bufferSize, FileOptions options, SECURITY_ATTRIBUTES secAttrs, String msgPath, Boolean bFromProxy, Boolean useLongPath, Boolean checkHost)
   v System.IO.FileStream..ctor(String path, FileMode mode, FileAccess access, FileShare share)
   v System.Xml.XmlDocument.Save(String filename)
   v ATEM_presentation.Model.ConfigStore.SaveCacheValues()
   v ATEM_presentation.App.OnExit(ExitEventArgs e)
   v System.Windows.Application.DoShutdown()
   v System.Windows.Application.ShutdownImpl()
   v System.Windows.Application.ShutdownCallback(Object arg)
   v System.Windows.Threading.ExceptionWrapper.InternalRealCall(Delegate callback, Object args, Int32 numArgs)
   v System.Windows.Threading.ExceptionWrapper.TryCatchWhen(Object source, Delegate callback, Object args, Int32 numArgs, Delegate catchHandler)

2021.10.10. 11:05:01
Odkaz na objekt není nastaven na instanci objektu.
   v ATEM_presentation.App.App_DispatcherUnhandledException(Object sender, DispatcherUnhandledExceptionEventArgs e)
   v System.Windows.Threading.Dispatcher.CatchException(Exception e)
   v System.Windows.Threading.Dispatcher.CatchExceptionStatic(Object source, Exception e)
   v System.Windows.Threading.ExceptionWrapper.CatchException(Object source, Exception e, Delegate catchHandler)
   v System.Windows.Threading.ExceptionWrapper.TryCatchWhen(Object source, Delegate callback, Object args, Int32 numArgs, Delegate catchHandler)
   v System.Windows.Threading.DispatcherOperation.InvokeImpl()
   v System.Windows.Threading.DispatcherOperation.InvokeInSecurityContext(Object state)
   v System.Threading.ExecutionContext.RunInternal(ExecutionContext executionContext, ContextCallback callback, Object state, Boolean preserveSyncCtx)
   v System.Threading.ExecutionContext.Run(ExecutionContext executionContext, ContextCallback callback, Object state, Boolean preserveSyncCtx)
   v System.Threading.ExecutionContext.Run(ExecutionContext executionContext, ContextCallback callback, Object state)
   v MS.Internal.CulturePreservingExecutionContext.Run(CulturePreservingExecutionContext executionContext, ContextCallback callback, Object state)
   v System.Windows.Threading.DispatcherOperation.Invoke()
   v System.Windows.Threading.Dispatcher.ProcessQueue()
   v System.Windows.Threading.Dispatcher.WndProcHook(IntPtr hwnd, Int32 msg, IntPtr wParam, IntPtr lParam, Boolean& handled)
   v MS.Win32.HwndWrapper.WndProc(IntPtr hwnd, Int32 msg, IntPtr wParam, IntPtr lParam, Boolean& handled)
   v MS.Win32.HwndSubclass.DispatcherCallbackOperation(Object o)
   v System.Windows.Threading.ExceptionWrapper.InternalRealCall(Delegate callback, Object args, Int32 numArgs)
   v System.Windows.Threading.ExceptionWrapper.TryCatchWhen(Object source, Delegate callback, Object args, Int32 numArgs, Delegate catchHandler)

2021.11.21. 09:35:52
Přístup k cestě C:\WINDOWS\system32\cache.dat byl odepřen.
   v System.IO.__Error.WinIOError(Int32 errorCode, String maybeFullPath)
   v System.IO.FileStream.Init(String path, FileMode mode, FileAccess access, Int32 rights, Boolean useRights, FileShare share, Int32 bufferSize, FileOptions options, SECURITY_ATTRIBUTES secAttrs, String msgPath, Boolean bFromProxy, Boolean useLongPath, Boolean checkHost)
   v System.IO.FileStream..ctor(String path, FileMode mode, FileAccess access, FileShare share)
   v System.Xml.XmlDocument.Save(String filename)
   v ATEM_presentation.Model.ConfigStore.SaveCacheValues()
   v ATEM_presentation.App.OnExit(ExitEventArgs e)
   v System.Windows.Application.DoShutdown()
   v System.Windows.Application.ShutdownImpl()
   v System.Windows.Application.ShutdownCallback(Object arg)
   v System.Windows.Threading.ExceptionWrapper.InternalRealCall(Delegate callback, Object args, Int32 numArgs)
   v System.Windows.Threading.ExceptionWrapper.TryCatchWhen(Object source, Delegate callback, Object args, Int32 numArgs, Delegate catchHandler)

2021.11.21. 09:35:53
Odkaz na objekt není nastaven na instanci objektu.
   v ATEM_presentation.App.App_DispatcherUnhandledException(Object sender, DispatcherUnhandledExceptionEventArgs e)
   v System.Windows.Threading.Dispatcher.CatchException(Exception e)
   v System.Windows.Threading.Dispatcher.CatchExceptionStatic(Object source, Exception e)
   v System.Windows.Threading.ExceptionWrapper.CatchException(Object source, Exception e, Delegate catchHandler)
   v System.Windows.Threading.ExceptionWrapper.TryCatchWhen(Object source, Delegate callback, Object args, Int32 numArgs, Delegate catchHandler)
   v System.Windows.Threading.DispatcherOperation.InvokeImpl()
   v System.Windows.Threading.DispatcherOperation.InvokeInSecurityContext(Object state)
   v System.Threading.ExecutionContext.RunInternal(ExecutionContext executionContext, ContextCallback callback, Object state, Boolean preserveSyncCtx)
   v System.Threading.ExecutionContext.Run(ExecutionContext executionContext, ContextCallback callback, Object state, Boolean preserveSyncCtx)
   v System.Threading.ExecutionContext.Run(ExecutionContext executionContext, ContextCallback callback, Object state)
   v MS.Internal.CulturePreservingExecutionContext.Run(CulturePreservingExecutionContext executionContext, ContextCallback callback, Object state)
   v System.Windows.Threading.DispatcherOperation.Invoke()
   v System.Windows.Threading.Dispatcher.ProcessQueue()
   v System.Windows.Threading.Dispatcher.WndProcHook(IntPtr hwnd, Int32 msg, IntPtr wParam, IntPtr lParam, Boolean& handled)
   v MS.Win32.HwndWrapper.WndProc(IntPtr hwnd, Int32 msg, IntPtr wParam, IntPtr lParam, Boolean& handled)
   v MS.Win32.HwndSubclass.DispatcherCallbackOperation(Object o)
   v System.Windows.Threading.ExceptionWrapper.InternalRealCall(Delegate callback, Object args, Int32 numArgs)
   v System.Windows.Threading.ExceptionWrapper.TryCatchWhen(Object source, Delegate callback, Object args, Int32 numArgs, Delegate catchHandler)

2021.12.04. 17:25:34
Přístup k cestě C:\WINDOWS\system32\cache.dat byl odepřen.
   v System.IO.__Error.WinIOError(Int32 errorCode, String maybeFullPath)
   v System.IO.FileStream.Init(String path, FileMode mode, FileAccess access, Int32 rights, Boolean useRights, FileShare share, Int32 bufferSize, FileOptions options, SECURITY_ATTRIBUTES secAttrs, String msgPath, Boolean bFromProxy, Boolean useLongPath, Boolean checkHost)
   v System.IO.FileStream..ctor(String path, FileMode mode, FileAccess access, FileShare share)
   v System.Xml.XmlDocument.Save(String filename)
   v ATEM_presentation.Model.ConfigStore.SaveCacheValues()
   v ATEM_presentation.App.OnExit(ExitEventArgs e)
   v System.Windows.Application.DoShutdown()
   v System.Windows.Application.ShutdownImpl()
   v System.Windows.Application.ShutdownCallback(Object arg)
   v System.Windows.Threading.ExceptionWrapper.InternalRealCall(Delegate callback, Object args, Int32 numArgs)
   v System.Windows.Threading.ExceptionWrapper.TryCatchWhen(Object source, Delegate callback, Object args, Int32 numArgs, Delegate catchHandler)

2021.12.04. 17:25:36
Odkaz na objekt není nastaven na instanci objektu.
   v ATEM_presentation.App.App_DispatcherUnhandledException(Object sender, DispatcherUnhandledExceptionEventArgs e)
   v System.Windows.Threading.Dispatcher.CatchException(Exception e)
   v System.Windows.Threading.Dispatcher.CatchExceptionStatic(Object source, Exception e)
   v System.Windows.Threading.ExceptionWrapper.CatchException(Object source, Exception e, Delegate catchHandler)
   v System.Windows.Threading.ExceptionWrapper.TryCatchWhen(Object source, Delegate callback, Object args, Int32 numArgs, Delegate catchHandler)
   v System.Windows.Threading.DispatcherOperation.InvokeImpl()
   v System.Windows.Threading.DispatcherOperation.InvokeInSecurityContext(Object state)
   v System.Threading.ExecutionContext.RunInternal(ExecutionContext executionContext, ContextCallback callback, Object state, Boolean preserveSyncCtx)
   v System.Threading.ExecutionContext.Run(ExecutionContext executionContext, ContextCallback callback, Object state, Boolean preserveSyncCtx)
   v System.Threading.ExecutionContext.Run(ExecutionContext executionContext, ContextCallback callback, Object state)
   v MS.Internal.CulturePreservingExecutionContext.Run(CulturePreservingExecutionContext executionContext, ContextCallback callback, Object state)
   v System.Windows.Threading.DispatcherOperation.Invoke()
   v System.Windows.Threading.Dispatcher.ProcessQueue()
   v System.Windows.Threading.Dispatcher.WndProcHook(IntPtr hwnd, Int32 msg, IntPtr wParam, IntPtr lParam, Boolean& handled)
   v MS.Win32.HwndWrapper.WndProc(IntPtr hwnd, Int32 msg, IntPtr wParam, IntPtr lParam, Boolean& handled)
   v MS.Win32.HwndSubclass.DispatcherCallbackOperation(Object o)
   v System.Windows.Threading.ExceptionWrapper.InternalRealCall(Delegate callback, Object args, Int32 numArgs)
   v System.Windows.Threading.ExceptionWrapper.TryCatchWhen(Object source, Delegate callback, Object args, Int32 numArgs, Delegate catchHandler)

2021.12.12. 08:38:14
Přístup k cestě C:\WINDOWS\system32\cache.dat byl odepřen.
   v System.IO.__Error.WinIOError(Int32 errorCode, String maybeFullPath)
   v System.IO.FileStream.Init(String path, FileMode mode, FileAccess access, Int32 rights, Boolean useRights, FileShare share, Int32 bufferSize, FileOptions options, SECURITY_ATTRIBUTES secAttrs, String msgPath, Boolean bFromProxy, Boolean useLongPath, Boolean checkHost)
   v System.IO.FileStream..ctor(String path, FileMode mode, FileAccess access, FileShare share)
   v System.Xml.XmlDocument.Save(String filename)
   v ATEM_presentation.Model.ConfigStore.SaveCacheValues()
   v ATEM_presentation.App.OnExit(ExitEventArgs e)
   v System.Windows.Application.DoShutdown()
   v System.Windows.Application.ShutdownImpl()
   v System.Windows.Application.ShutdownCallback(Object arg)
   v System.Windows.Threading.ExceptionWrapper.InternalRealCall(Delegate callback, Object args, Int32 numArgs)
   v System.Windows.Threading.ExceptionWrapper.TryCatchWhen(Object source, Delegate callback, Object args, Int32 numArgs, Delegate catchHandler)

2021.12.12. 08:38:16
Odkaz na objekt není nastaven na instanci objektu.
   v ATEM_presentation.App.App_DispatcherUnhandledException(Object sender, DispatcherUnhandledExceptionEventArgs e)
   v System.Windows.Threading.Dispatcher.CatchException(Exception e)
   v System.Windows.Threading.Dispatcher.CatchExceptionStatic(Object source, Exception e)
   v System.Windows.Threading.ExceptionWrapper.CatchException(Object source, Exception e, Delegate catchHandler)
   v System.Windows.Threading.ExceptionWrapper.TryCatchWhen(Object source, Delegate callback, Object args, Int32 numArgs, Delegate catchHandler)
   v System.Windows.Threading.DispatcherOperation.InvokeImpl()
   v System.Windows.Threading.DispatcherOperation.InvokeInSecurityContext(Object state)
   v System.Threading.ExecutionContext.RunInternal(ExecutionContext executionContext, ContextCallback callback, Object state, Boolean preserveSyncCtx)
   v System.Threading.ExecutionContext.Run(ExecutionContext executionContext, ContextCallback callback, Object state, Boolean preserveSyncCtx)
   v System.Threading.ExecutionContext.Run(ExecutionContext executionContext, ContextCallback callback, Object state)
   v MS.Internal.CulturePreservingExecutionContext.Run(CulturePreservingExecutionContext executionContext, ContextCallback callback, Object state)
   v System.Windows.Threading.DispatcherOperation.Invoke()
   v System.Windows.Threading.Dispatcher.ProcessQueue()
   v System.Windows.Threading.Dispatcher.WndProcHook(IntPtr hwnd, Int32 msg, IntPtr wParam, IntPtr lParam, Boolean& handled)
   v MS.Win32.HwndWrapper.WndProc(IntPtr hwnd, Int32 msg, IntPtr wParam, IntPtr lParam, Boolean& handled)
   v MS.Win32.HwndSubclass.DispatcherCallbackOperation(Object o)
   v System.Windows.Threading.ExceptionWrapper.InternalRealCall(Delegate callback, Object args, Int32 numArgs)
   v System.Windows.Threading.ExceptionWrapper.TryCatchWhen(Object source, Delegate callback, Object args, Int32 numArgs, Delegate catchHandler)

2021.12.12. 08:43:19
Přístup k cestě C:\WINDOWS\system32\cache.dat byl odepřen.
   v System.IO.__Error.WinIOError(Int32 errorCode, String maybeFullPath)
   v System.IO.FileStream.Init(String path, FileMode mode, FileAccess access, Int32 rights, Boolean useRights, FileShare share, Int32 bufferSize, FileOptions options, SECURITY_ATTRIBUTES secAttrs, String msgPath, Boolean bFromProxy, Boolean useLongPath, Boolean checkHost)
   v System.IO.FileStream..ctor(String path, FileMode mode, FileAccess access, FileShare share)
   v System.Xml.XmlDocument.Save(String filename)
   v ATEM_presentation.Model.ConfigStore.SaveCacheValues()
   v ATEM_presentation.App.OnExit(ExitEventArgs e)
   v System.Windows.Application.DoShutdown()
   v System.Windows.Application.ShutdownImpl()
   v System.Windows.Application.ShutdownCallback(Object arg)
   v System.Windows.Threading.ExceptionWrapper.InternalRealCall(Delegate callback, Object args, Int32 numArgs)
   v System.Windows.Threading.ExceptionWrapper.TryCatchWhen(Object source, Delegate callback, Object args, Int32 numArgs, Delegate catchHandler)

2021.12.12. 08:43:20
Odkaz na objekt není nastaven na instanci objektu.
   v ATEM_presentation.App.App_DispatcherUnhandledException(Object sender, DispatcherUnhandledExceptionEventArgs e)
   v System.Windows.Threading.Dispatcher.CatchException(Exception e)
   v System.Windows.Threading.Dispatcher.CatchExceptionStatic(Object source, Exception e)
   v System.Windows.Threading.ExceptionWrapper.CatchException(Object source, Exception e, Delegate catchHandler)
   v System.Windows.Threading.ExceptionWrapper.TryCatchWhen(Object source, Delegate callback, Object args, Int32 numArgs, Delegate catchHandler)
   v System.Windows.Threading.DispatcherOperation.InvokeImpl()
   v System.Windows.Threading.DispatcherOperation.InvokeInSecurityContext(Object state)
   v System.Threading.ExecutionContext.RunInternal(ExecutionContext executionContext, ContextCallback callback, Object state, Boolean preserveSyncCtx)
   v System.Threading.ExecutionContext.Run(ExecutionContext executionContext, ContextCallback callback, Object state, Boolean preserveSyncCtx)
   v System.Threading.ExecutionContext.Run(ExecutionContext executionContext, ContextCallback callback, Object state)
   v MS.Internal.CulturePreservingExecutionContext.Run(CulturePreservingExecutionContext executionContext, ContextCallback callback, Object state)
   v System.Windows.Threading.DispatcherOperation.Invoke()
   v System.Windows.Threading.Dispatcher.ProcessQueue()
   v System.Windows.Threading.Dispatcher.WndProcHook(IntPtr hwnd, Int32 msg, IntPtr wParam, IntPtr lParam, Boolean& handled)
   v MS.Win32.HwndWrapper.WndProc(IntPtr hwnd, Int32 msg, IntPtr wParam, IntPtr lParam, Boolean& handled)
   v MS.Win32.HwndSubclass.DispatcherCallbackOperation(Object o)
   v System.Windows.Threading.ExceptionWrapper.InternalRealCall(Delegate callback, Object args, Int32 numArgs)
   v System.Windows.Threading.ExceptionWrapper.TryCatchWhen(Object source, Delegate callback, Object args, Int32 numArgs, Delegate catchHandler)

